#-----------------------------------------------------------
# Vivado v2018.2 (64-bit)
# SW Build 2258646 on Thu Jun 14 20:03:12 MDT 2018
# IP Build 2256618 on Thu Jun 14 22:10:49 MDT 2018
# Start of session at: Thu Dec 13 19:26:09 2018
# Process ID: 22492
# Current directory: C:/Users/Razer Blade/Downloads/Compressed/vivado
# Command line: vivado.exe -gui_launcher_event rodinguilauncherevent47016 C:\Users\Razer Blade\Downloads\Compressed\vivado\Processor_FPGA.xpr
# Log file: C:/Users/Razer Blade/Downloads/Compressed/vivado/vivado.log
# Journal file: C:/Users/Razer Blade/Downloads/Compressed/vivado\vivado.jou
#-----------------------------------------------------------
start_gui
open_project {C:/Users/Razer Blade/Downloads/Compressed/vivado/Processor_FPGA.xpr}
Scanning sources...
Finished scanning sources
INFO: [IP_Flow 19-234] Refreshing IP repositories
INFO: [IP_Flow 19-1704] No user IP repositories specified
INFO: [IP_Flow 19-2313] Loaded Vivado IP repository 'C:/Xilinx/Vivado/2018.2/data/ip'.
open_project: Time (s): cpu = 00:00:17 ; elapsed = 00:00:10 . Memory (MB): peak = 801.227 ; gain = 77.480
update_compile_order -fileset sources_1
launch_simulation
INFO: [Vivado 12-5682] Launching behavioral simulation in 'C:/Users/Razer Blade/Downloads/Compressed/vivado/Processor_FPGA.sim/sim_1/behav/xsim'
INFO: [SIM-utils-51] Simulation object is 'sim_1'
INFO: [SIM-utils-54] Inspecting design source files for 'Processor_FPGA_tb' in fileset 'sim_1'...
INFO: [USF-XSim-97] Finding global include files...
INFO: [USF-XSim-98] Fetching design files from 'sim_1'...
INFO: [USF-XSim-2] XSim::Compile design
INFO: [USF-XSim-61] Executing 'COMPILE and ANALYZE' step in 'C:/Users/Razer Blade/Downloads/Compressed/vivado/Processor_FPGA.sim/sim_1/behav/xsim'
"xvhdl --incr --relax -prj Processor_FPGA_tb_vhdl.prj"
INFO: [VRFC 10-163] Analyzing VHDL file "C:/Users/Razer Blade/Downloads/Compressed/vivado/Processor_FPGA.srcs/sources_1/imports/Processor/IMem.vhd" into library xil_defaultlib
INFO: [VRFC 10-163] Analyzing VHDL file "C:/Users/Razer Blade/Downloads/Compressed/vivado/Processor_FPGA.srcs/sources_1/imports/Processor/InstructionMemory.vhd" into library xil_defaultlib
INFO: [VRFC 10-307] analyzing entity InstructionMemory
INFO: [VRFC 10-163] Analyzing VHDL file "C:/Users/Razer Blade/Downloads/Compressed/vivado/Processor_FPGA.srcs/sim_1/new/processor_tb.vhd" into library xil_defaultlib
INFO: [VRFC 10-307] analyzing entity Processor_FPGA_tb
INFO: [USF-XSim-69] 'compile' step finished in '2' seconds
INFO: [USF-XSim-3] XSim::Elaborate design
INFO: [USF-XSim-61] Executing 'ELABORATE' step in 'C:/Users/Razer Blade/Downloads/Compressed/vivado/Processor_FPGA.sim/sim_1/behav/xsim'
Vivado Simulator 2018.2
Copyright 1986-1999, 2001-2018 Xilinx, Inc. All Rights Reserved.
Running: C:/Xilinx/Vivado/2018.2/bin/unwrapped/win64.o/xelab.exe -wto 9e4c0b46e3e244b2a641016132e97053 --incr --debug typical --relax --mt 2 -L xil_defaultlib -L secureip --snapshot Processor_FPGA_tb_behav xil_defaultlib.Processor_FPGA_tb -log elaborate.log 
Using 2 slave threads.
Starting static elaboration
ERROR: [VRFC 10-664] expression has 9 elements ; expected 8 [C:/Users/Razer Blade/Downloads/Compressed/vivado/Processor_FPGA.srcs/sources_1/imports/Processor/InstructionMemory.vhd:14]
ERROR: [XSIM 43-3321] Static elaboration of top level VHDL design unit processor_fpga_tb in library work failed.
INFO: [USF-XSim-69] 'elaborate' step finished in '2' seconds
INFO: [USF-XSim-99] Step results log file:'C:/Users/Razer Blade/Downloads/Compressed/vivado/Processor_FPGA.sim/sim_1/behav/xsim/elaborate.log'
ERROR: [USF-XSim-62] 'elaborate' step failed with error(s). Please check the Tcl console output or 'C:/Users/Razer Blade/Downloads/Compressed/vivado/Processor_FPGA.sim/sim_1/behav/xsim/elaborate.log' file for more information.
ERROR: [Vivado 12-4473] Detected error while running simulation. Please correct the issue and retry this operation.
launch_simulation: Time (s): cpu = 00:00:02 ; elapsed = 00:00:05 . Memory (MB): peak = 857.039 ; gain = 9.770
ERROR: [Common 17-39] 'launch_simulation' failed due to earlier errors.
launch_simulation
INFO: [Vivado 12-5682] Launching behavioral simulation in 'C:/Users/Razer Blade/Downloads/Compressed/vivado/Processor_FPGA.sim/sim_1/behav/xsim'
INFO: [SIM-utils-51] Simulation object is 'sim_1'
INFO: [SIM-utils-54] Inspecting design source files for 'Processor_FPGA_tb' in fileset 'sim_1'...
INFO: [USF-XSim-97] Finding global include files...
INFO: [USF-XSim-98] Fetching design files from 'sim_1'...
INFO: [USF-XSim-2] XSim::Compile design
INFO: [USF-XSim-61] Executing 'COMPILE and ANALYZE' step in 'C:/Users/Razer Blade/Downloads/Compressed/vivado/Processor_FPGA.sim/sim_1/behav/xsim'
"xvhdl --incr --relax -prj Processor_FPGA_tb_vhdl.prj"
INFO: [VRFC 10-163] Analyzing VHDL file "C:/Users/Razer Blade/Downloads/Compressed/vivado/Processor_FPGA.srcs/sources_1/imports/Processor/InstructionMemory.vhd" into library xil_defaultlib
INFO: [VRFC 10-307] analyzing entity InstructionMemory
INFO: [USF-XSim-69] 'compile' step finished in '2' seconds
INFO: [USF-XSim-3] XSim::Elaborate design
INFO: [USF-XSim-61] Executing 'ELABORATE' step in 'C:/Users/Razer Blade/Downloads/Compressed/vivado/Processor_FPGA.sim/sim_1/behav/xsim'
Vivado Simulator 2018.2
Copyright 1986-1999, 2001-2018 Xilinx, Inc. All Rights Reserved.
Running: C:/Xilinx/Vivado/2018.2/bin/unwrapped/win64.o/xelab.exe -wto 9e4c0b46e3e244b2a641016132e97053 --incr --debug typical --relax --mt 2 -L xil_defaultlib -L secureip --snapshot Processor_FPGA_tb_behav xil_defaultlib.Processor_FPGA_tb -log elaborate.log 
Using 2 slave threads.
Starting static elaboration
Completed static elaboration
Starting simulation data flow analysis
Completed simulation data flow analysis
Time Resolution for simulation is 1ps
Compiling package std.standard
Compiling package std.textio
Compiling package ieee.std_logic_1164
Compiling package ieee.numeric_std
Compiling package xil_defaultlib.dmem
Compiling package xil_defaultlib.imem
Compiling package xil_defaultlib.registers
Compiling package ieee.std_logic_arith
Compiling package ieee.std_logic_unsigned
Compiling architecture behavioral of entity xil_defaultlib.ControlUnit [controlunit_default]
Compiling architecture behavioral of entity xil_defaultlib.ProgramCounter [programcounter_default]
Compiling architecture behavioral of entity xil_defaultlib.RegisterFile [registerfile_default]
Compiling architecture behavioral of entity xil_defaultlib.ALU [alu_default]
Compiling architecture behavioral of entity xil_defaultlib.DataMemory [datamemory_default]
Compiling architecture behavioral of entity xil_defaultlib.InstructionMemory [instructionmemory_default]
Compiling architecture behavioral of entity xil_defaultlib.SignExtend [signextend_default]
Compiling architecture bench of entity xil_defaultlib.processor_fpga_tb
Built simulation snapshot Processor_FPGA_tb_behav

****** Webtalk v2018.2 (64-bit)
  **** SW Build 2258646 on Thu Jun 14 20:03:12 MDT 2018
  **** IP Build 2256618 on Thu Jun 14 22:10:49 MDT 2018
    ** Copyright 1986-2018 Xilinx, Inc. All Rights Reserved.

source C:/Users/Razer -notrace
couldn't read file "C:/Users/Razer": no such file or directory
INFO: [Common 17-206] Exiting Webtalk at Thu Dec 13 19:32:34 2018...
run_program: Time (s): cpu = 00:00:00 ; elapsed = 00:00:06 . Memory (MB): peak = 858.344 ; gain = 0.000
INFO: [USF-XSim-69] 'elaborate' step finished in '6' seconds
INFO: [USF-XSim-4] XSim::Simulate design
INFO: [USF-XSim-61] Executing 'SIMULATE' step in 'C:/Users/Razer Blade/Downloads/Compressed/vivado/Processor_FPGA.sim/sim_1/behav/xsim'
INFO: [USF-XSim-98] *** Running xsim
   with args "Processor_FPGA_tb_behav -key {Behavioral:sim_1:Functional:Processor_FPGA_tb} -tclbatch {Processor_FPGA_tb.tcl} -view {{C:/Users/Razer Blade/Downloads/Compressed/vivado/Processor_FPGA_tb_behav.wcfg}} -log {simulate.log}"
INFO: [USF-XSim-8] Loading simulator feature
Vivado Simulator 2018.2
Time resolution is 1 ps
open_wave_config {C:/Users/Razer Blade/Downloads/Compressed/vivado/Processor_FPGA_tb_behav.wcfg}
source Processor_FPGA_tb.tcl
# set curr_wave [current_wave_config]
# if { [string length $curr_wave] == 0 } {
#   if { [llength [get_objects]] > 0} {
#     add_wave /
#     set_property needs_save false [current_wave_config]
#   } else {
#      send_msg_id Add_Wave-1 WARNING "No top level signals found. Simulator will start without a wave window. If you want to open a wave window go to 'File->New Waveform Configuration' or type 'create_wave_config' in the TCL console."
#   }
# }
# run 1000ns
INFO: [USF-XSim-96] XSim completed. Design snapshot 'Processor_FPGA_tb_behav' loaded.
INFO: [USF-XSim-97] XSim simulation ran for 1000ns
launch_simulation: Time (s): cpu = 00:00:07 ; elapsed = 00:00:12 . Memory (MB): peak = 871.152 ; gain = 12.809
run 5 ms
close_sim
INFO: [Simtcl 6-16] Simulation closed
launch_simulation
INFO: [Vivado 12-5682] Launching behavioral simulation in 'C:/Users/Razer Blade/Downloads/Compressed/vivado/Processor_FPGA.sim/sim_1/behav/xsim'
INFO: [SIM-utils-51] Simulation object is 'sim_1'
INFO: [SIM-utils-54] Inspecting design source files for 'Processor_FPGA_tb' in fileset 'sim_1'...
INFO: [USF-XSim-97] Finding global include files...
INFO: [USF-XSim-98] Fetching design files from 'sim_1'...
INFO: [USF-XSim-2] XSim::Compile design
INFO: [USF-XSim-61] Executing 'COMPILE and ANALYZE' step in 'C:/Users/Razer Blade/Downloads/Compressed/vivado/Processor_FPGA.sim/sim_1/behav/xsim'
"xvhdl --incr --relax -prj Processor_FPGA_tb_vhdl.prj"
INFO: [VRFC 10-163] Analyzing VHDL file "C:/Users/Razer Blade/Downloads/Compressed/vivado/Processor_FPGA.srcs/sources_1/imports/Processor/InstructionMemory.vhd" into library xil_defaultlib
INFO: [VRFC 10-307] analyzing entity InstructionMemory
INFO: [USF-XSim-69] 'compile' step finished in '2' seconds
INFO: [USF-XSim-3] XSim::Elaborate design
INFO: [USF-XSim-61] Executing 'ELABORATE' step in 'C:/Users/Razer Blade/Downloads/Compressed/vivado/Processor_FPGA.sim/sim_1/behav/xsim'
Vivado Simulator 2018.2
Copyright 1986-1999, 2001-2018 Xilinx, Inc. All Rights Reserved.
Running: C:/Xilinx/Vivado/2018.2/bin/unwrapped/win64.o/xelab.exe -wto 9e4c0b46e3e244b2a641016132e97053 --incr --debug typical --relax --mt 2 -L xil_defaultlib -L secureip --snapshot Processor_FPGA_tb_behav xil_defaultlib.Processor_FPGA_tb -log elaborate.log 
Using 2 slave threads.
Starting static elaboration
Completed static elaboration
Starting simulation data flow analysis
Completed simulation data flow analysis
Time Resolution for simulation is 1ps
Compiling package std.standard
Compiling package std.textio
Compiling package ieee.std_logic_1164
Compiling package ieee.numeric_std
Compiling package xil_defaultlib.dmem
Compiling package xil_defaultlib.imem
Compiling package xil_defaultlib.registers
Compiling package ieee.std_logic_arith
Compiling package ieee.std_logic_unsigned
Compiling architecture behavioral of entity xil_defaultlib.ControlUnit [controlunit_default]
Compiling architecture behavioral of entity xil_defaultlib.ProgramCounter [programcounter_default]
Compiling architecture behavioral of entity xil_defaultlib.RegisterFile [registerfile_default]
Compiling architecture behavioral of entity xil_defaultlib.ALU [alu_default]
Compiling architecture behavioral of entity xil_defaultlib.DataMemory [datamemory_default]
Compiling architecture behavioral of entity xil_defaultlib.InstructionMemory [instructionmemory_default]
Compiling architecture behavioral of entity xil_defaultlib.SignExtend [signextend_default]
Compiling architecture bench of entity xil_defaultlib.processor_fpga_tb
Built simulation snapshot Processor_FPGA_tb_behav
INFO: [USF-XSim-69] 'elaborate' step finished in '3' seconds
INFO: [USF-XSim-4] XSim::Simulate design
INFO: [USF-XSim-61] Executing 'SIMULATE' step in 'C:/Users/Razer Blade/Downloads/Compressed/vivado/Processor_FPGA.sim/sim_1/behav/xsim'
INFO: [USF-XSim-98] *** Running xsim
   with args "Processor_FPGA_tb_behav -key {Behavioral:sim_1:Functional:Processor_FPGA_tb} -tclbatch {Processor_FPGA_tb.tcl} -view {{C:/Users/Razer Blade/Downloads/Compressed/vivado/Processor_FPGA_tb_behav.wcfg}} -log {simulate.log}"
INFO: [USF-XSim-8] Loading simulator feature
Vivado Simulator 2018.2
Time resolution is 1 ps
open_wave_config {C:/Users/Razer Blade/Downloads/Compressed/vivado/Processor_FPGA_tb_behav.wcfg}
source Processor_FPGA_tb.tcl
# set curr_wave [current_wave_config]
# if { [string length $curr_wave] == 0 } {
#   if { [llength [get_objects]] > 0} {
#     add_wave /
#     set_property needs_save false [current_wave_config]
#   } else {
#      send_msg_id Add_Wave-1 WARNING "No top level signals found. Simulator will start without a wave window. If you want to open a wave window go to 'File->New Waveform Configuration' or type 'create_wave_config' in the TCL console."
#   }
# }
# run 1000ns
INFO: [USF-XSim-96] XSim completed. Design snapshot 'Processor_FPGA_tb_behav' loaded.
INFO: [USF-XSim-97] XSim simulation ran for 1000ns
launch_simulation: Time (s): cpu = 00:00:06 ; elapsed = 00:00:07 . Memory (MB): peak = 908.023 ; gain = 0.000
run 5 ms
run: Time (s): cpu = 00:01:02 ; elapsed = 00:00:53 . Memory (MB): peak = 936.375 ; gain = 10.781
run 5 ms
run: Time (s): cpu = 00:01:01 ; elapsed = 00:00:53 . Memory (MB): peak = 936.375 ; gain = 0.000
close_sim
INFO: [Simtcl 6-16] Simulation closed
launch_simulation
INFO: [Vivado 12-5682] Launching behavioral simulation in 'C:/Users/Razer Blade/Downloads/Compressed/vivado/Processor_FPGA.sim/sim_1/behav/xsim'
INFO: [SIM-utils-51] Simulation object is 'sim_1'
INFO: [SIM-utils-54] Inspecting design source files for 'Processor_FPGA_tb' in fileset 'sim_1'...
INFO: [USF-XSim-97] Finding global include files...
INFO: [USF-XSim-98] Fetching design files from 'sim_1'...
INFO: [USF-XSim-2] XSim::Compile design
INFO: [USF-XSim-61] Executing 'COMPILE and ANALYZE' step in 'C:/Users/Razer Blade/Downloads/Compressed/vivado/Processor_FPGA.sim/sim_1/behav/xsim'
"xvhdl --incr --relax -prj Processor_FPGA_tb_vhdl.prj"
INFO: [VRFC 10-163] Analyzing VHDL file "C:/Users/Razer Blade/Downloads/Compressed/vivado/Processor_FPGA.srcs/sources_1/imports/Processor/InstructionMemory.vhd" into library xil_defaultlib
INFO: [VRFC 10-307] analyzing entity InstructionMemory
INFO: [USF-XSim-69] 'compile' step finished in '2' seconds
INFO: [USF-XSim-3] XSim::Elaborate design
INFO: [USF-XSim-61] Executing 'ELABORATE' step in 'C:/Users/Razer Blade/Downloads/Compressed/vivado/Processor_FPGA.sim/sim_1/behav/xsim'
Vivado Simulator 2018.2
Copyright 1986-1999, 2001-2018 Xilinx, Inc. All Rights Reserved.
Running: C:/Xilinx/Vivado/2018.2/bin/unwrapped/win64.o/xelab.exe -wto 9e4c0b46e3e244b2a641016132e97053 --incr --debug typical --relax --mt 2 -L xil_defaultlib -L secureip --snapshot Processor_FPGA_tb_behav xil_defaultlib.Processor_FPGA_tb -log elaborate.log 
Using 2 slave threads.
Starting static elaboration
Completed static elaboration
Starting simulation data flow analysis
Completed simulation data flow analysis
Time Resolution for simulation is 1ps
Compiling package std.standard
Compiling package std.textio
Compiling package ieee.std_logic_1164
Compiling package ieee.numeric_std
Compiling package xil_defaultlib.dmem
Compiling package xil_defaultlib.imem
Compiling package xil_defaultlib.registers
Compiling package ieee.std_logic_arith
Compiling package ieee.std_logic_unsigned
Compiling architecture behavioral of entity xil_defaultlib.ControlUnit [controlunit_default]
Compiling architecture behavioral of entity xil_defaultlib.ProgramCounter [programcounter_default]
Compiling architecture behavioral of entity xil_defaultlib.RegisterFile [registerfile_default]
Compiling architecture behavioral of entity xil_defaultlib.ALU [alu_default]
Compiling architecture behavioral of entity xil_defaultlib.DataMemory [datamemory_default]
Compiling architecture behavioral of entity xil_defaultlib.InstructionMemory [instructionmemory_default]
Compiling architecture behavioral of entity xil_defaultlib.SignExtend [signextend_default]
Compiling architecture bench of entity xil_defaultlib.processor_fpga_tb
Built simulation snapshot Processor_FPGA_tb_behav
INFO: [USF-XSim-69] 'elaborate' step finished in '2' seconds
INFO: [USF-XSim-4] XSim::Simulate design
INFO: [USF-XSim-61] Executing 'SIMULATE' step in 'C:/Users/Razer Blade/Downloads/Compressed/vivado/Processor_FPGA.sim/sim_1/behav/xsim'
INFO: [USF-XSim-98] *** Running xsim
   with args "Processor_FPGA_tb_behav -key {Behavioral:sim_1:Functional:Processor_FPGA_tb} -tclbatch {Processor_FPGA_tb.tcl} -view {{C:/Users/Razer Blade/Downloads/Compressed/vivado/Processor_FPGA_tb_behav.wcfg}} -log {simulate.log}"
INFO: [USF-XSim-8] Loading simulator feature
Vivado Simulator 2018.2
Time resolution is 1 ps
open_wave_config {C:/Users/Razer Blade/Downloads/Compressed/vivado/Processor_FPGA_tb_behav.wcfg}
source Processor_FPGA_tb.tcl
# set curr_wave [current_wave_config]
# if { [string length $curr_wave] == 0 } {
#   if { [llength [get_objects]] > 0} {
#     add_wave /
#     set_property needs_save false [current_wave_config]
#   } else {
#      send_msg_id Add_Wave-1 WARNING "No top level signals found. Simulator will start without a wave window. If you want to open a wave window go to 'File->New Waveform Configuration' or type 'create_wave_config' in the TCL console."
#   }
# }
# run 1000ns
INFO: [USF-XSim-96] XSim completed. Design snapshot 'Processor_FPGA_tb_behav' loaded.
INFO: [USF-XSim-97] XSim simulation ran for 1000ns
launch_simulation: Time (s): cpu = 00:00:03 ; elapsed = 00:00:07 . Memory (MB): peak = 936.375 ; gain = 0.000
run 5 ms
close_sim
INFO: [Simtcl 6-16] Simulation closed
launch_simulation
INFO: [Vivado 12-5682] Launching behavioral simulation in 'C:/Users/Razer Blade/Downloads/Compressed/vivado/Processor_FPGA.sim/sim_1/behav/xsim'
INFO: [SIM-utils-51] Simulation object is 'sim_1'
INFO: [SIM-utils-54] Inspecting design source files for 'Processor_FPGA_tb' in fileset 'sim_1'...
INFO: [USF-XSim-97] Finding global include files...
INFO: [USF-XSim-98] Fetching design files from 'sim_1'...
INFO: [USF-XSim-2] XSim::Compile design
INFO: [USF-XSim-61] Executing 'COMPILE and ANALYZE' step in 'C:/Users/Razer Blade/Downloads/Compressed/vivado/Processor_FPGA.sim/sim_1/behav/xsim'
"xvhdl --incr --relax -prj Processor_FPGA_tb_vhdl.prj"
INFO: [VRFC 10-163] Analyzing VHDL file "C:/Users/Razer Blade/Downloads/Compressed/vivado/Processor_FPGA.srcs/sources_1/imports/Processor/InstructionMemory.vhd" into library xil_defaultlib
INFO: [VRFC 10-307] analyzing entity InstructionMemory
INFO: [USF-XSim-69] 'compile' step finished in '1' seconds
INFO: [USF-XSim-3] XSim::Elaborate design
INFO: [USF-XSim-61] Executing 'ELABORATE' step in 'C:/Users/Razer Blade/Downloads/Compressed/vivado/Processor_FPGA.sim/sim_1/behav/xsim'
Vivado Simulator 2018.2
Copyright 1986-1999, 2001-2018 Xilinx, Inc. All Rights Reserved.
Running: C:/Xilinx/Vivado/2018.2/bin/unwrapped/win64.o/xelab.exe -wto 9e4c0b46e3e244b2a641016132e97053 --incr --debug typical --relax --mt 2 -L xil_defaultlib -L secureip --snapshot Processor_FPGA_tb_behav xil_defaultlib.Processor_FPGA_tb -log elaborate.log 
Using 2 slave threads.
Starting static elaboration
Completed static elaboration
Starting simulation data flow analysis
Completed simulation data flow analysis
Time Resolution for simulation is 1ps
Compiling package std.standard
Compiling package std.textio
Compiling package ieee.std_logic_1164
Compiling package ieee.numeric_std
Compiling package xil_defaultlib.dmem
Compiling package xil_defaultlib.imem
Compiling package xil_defaultlib.registers
Compiling package ieee.std_logic_arith
Compiling package ieee.std_logic_unsigned
Compiling architecture behavioral of entity xil_defaultlib.ControlUnit [controlunit_default]
Compiling architecture behavioral of entity xil_defaultlib.ProgramCounter [programcounter_default]
Compiling architecture behavioral of entity xil_defaultlib.RegisterFile [registerfile_default]
Compiling architecture behavioral of entity xil_defaultlib.ALU [alu_default]
Compiling architecture behavioral of entity xil_defaultlib.DataMemory [datamemory_default]
Compiling architecture behavioral of entity xil_defaultlib.InstructionMemory [instructionmemory_default]
Compiling architecture behavioral of entity xil_defaultlib.SignExtend [signextend_default]
Compiling architecture bench of entity xil_defaultlib.processor_fpga_tb
Built simulation snapshot Processor_FPGA_tb_behav
INFO: [USF-XSim-69] 'elaborate' step finished in '3' seconds
INFO: [USF-XSim-4] XSim::Simulate design
INFO: [USF-XSim-61] Executing 'SIMULATE' step in 'C:/Users/Razer Blade/Downloads/Compressed/vivado/Processor_FPGA.sim/sim_1/behav/xsim'
INFO: [USF-XSim-98] *** Running xsim
   with args "Processor_FPGA_tb_behav -key {Behavioral:sim_1:Functional:Processor_FPGA_tb} -tclbatch {Processor_FPGA_tb.tcl} -view {{C:/Users/Razer Blade/Downloads/Compressed/vivado/Processor_FPGA_tb_behav.wcfg}} -log {simulate.log}"
INFO: [USF-XSim-8] Loading simulator feature
Vivado Simulator 2018.2
Time resolution is 1 ps
open_wave_config {C:/Users/Razer Blade/Downloads/Compressed/vivado/Processor_FPGA_tb_behav.wcfg}
source Processor_FPGA_tb.tcl
# set curr_wave [current_wave_config]
# if { [string length $curr_wave] == 0 } {
#   if { [llength [get_objects]] > 0} {
#     add_wave /
#     set_property needs_save false [current_wave_config]
#   } else {
#      send_msg_id Add_Wave-1 WARNING "No top level signals found. Simulator will start without a wave window. If you want to open a wave window go to 'File->New Waveform Configuration' or type 'create_wave_config' in the TCL console."
#   }
# }
# run 1000ns
INFO: [USF-XSim-96] XSim completed. Design snapshot 'Processor_FPGA_tb_behav' loaded.
INFO: [USF-XSim-97] XSim simulation ran for 1000ns
launch_simulation: Time (s): cpu = 00:00:03 ; elapsed = 00:00:07 . Memory (MB): peak = 936.375 ; gain = 0.000
run 5 ms
close_sim
INFO: [Simtcl 6-16] Simulation closed
launch_simulation
INFO: [Vivado 12-5682] Launching behavioral simulation in 'C:/Users/Razer Blade/Downloads/Compressed/vivado/Processor_FPGA.sim/sim_1/behav/xsim'
INFO: [SIM-utils-51] Simulation object is 'sim_1'
INFO: [SIM-utils-54] Inspecting design source files for 'Processor_FPGA_tb' in fileset 'sim_1'...
INFO: [USF-XSim-97] Finding global include files...
INFO: [USF-XSim-98] Fetching design files from 'sim_1'...
INFO: [USF-XSim-2] XSim::Compile design
INFO: [USF-XSim-61] Executing 'COMPILE and ANALYZE' step in 'C:/Users/Razer Blade/Downloads/Compressed/vivado/Processor_FPGA.sim/sim_1/behav/xsim'
"xvhdl --incr --relax -prj Processor_FPGA_tb_vhdl.prj"
INFO: [VRFC 10-163] Analyzing VHDL file "C:/Users/Razer Blade/Downloads/Compressed/vivado/Processor_FPGA.srcs/sources_1/imports/Processor/InstructionMemory.vhd" into library xil_defaultlib
INFO: [VRFC 10-307] analyzing entity InstructionMemory
INFO: [USF-XSim-69] 'compile' step finished in '1' seconds
INFO: [USF-XSim-3] XSim::Elaborate design
INFO: [USF-XSim-61] Executing 'ELABORATE' step in 'C:/Users/Razer Blade/Downloads/Compressed/vivado/Processor_FPGA.sim/sim_1/behav/xsim'
Vivado Simulator 2018.2
Copyright 1986-1999, 2001-2018 Xilinx, Inc. All Rights Reserved.
Running: C:/Xilinx/Vivado/2018.2/bin/unwrapped/win64.o/xelab.exe -wto 9e4c0b46e3e244b2a641016132e97053 --incr --debug typical --relax --mt 2 -L xil_defaultlib -L secureip --snapshot Processor_FPGA_tb_behav xil_defaultlib.Processor_FPGA_tb -log elaborate.log 
Using 2 slave threads.
Starting static elaboration
Completed static elaboration
Starting simulation data flow analysis
Completed simulation data flow analysis
Time Resolution for simulation is 1ps
Compiling package std.standard
Compiling package std.textio
Compiling package ieee.std_logic_1164
Compiling package ieee.numeric_std
Compiling package xil_defaultlib.dmem
Compiling package xil_defaultlib.imem
Compiling package xil_defaultlib.registers
Compiling package ieee.std_logic_arith
Compiling package ieee.std_logic_unsigned
Compiling architecture behavioral of entity xil_defaultlib.ControlUnit [controlunit_default]
Compiling architecture behavioral of entity xil_defaultlib.ProgramCounter [programcounter_default]
Compiling architecture behavioral of entity xil_defaultlib.RegisterFile [registerfile_default]
Compiling architecture behavioral of entity xil_defaultlib.ALU [alu_default]
Compiling architecture behavioral of entity xil_defaultlib.DataMemory [datamemory_default]
Compiling architecture behavioral of entity xil_defaultlib.InstructionMemory [instructionmemory_default]
Compiling architecture behavioral of entity xil_defaultlib.SignExtend [signextend_default]
Compiling architecture bench of entity xil_defaultlib.processor_fpga_tb
Built simulation snapshot Processor_FPGA_tb_behav
INFO: [USF-XSim-69] 'elaborate' step finished in '3' seconds
INFO: [USF-XSim-4] XSim::Simulate design
INFO: [USF-XSim-61] Executing 'SIMULATE' step in 'C:/Users/Razer Blade/Downloads/Compressed/vivado/Processor_FPGA.sim/sim_1/behav/xsim'
INFO: [USF-XSim-98] *** Running xsim
   with args "Processor_FPGA_tb_behav -key {Behavioral:sim_1:Functional:Processor_FPGA_tb} -tclbatch {Processor_FPGA_tb.tcl} -view {{C:/Users/Razer Blade/Downloads/Compressed/vivado/Processor_FPGA_tb_behav.wcfg}} -log {simulate.log}"
INFO: [USF-XSim-8] Loading simulator feature
Vivado Simulator 2018.2
Time resolution is 1 ps
open_wave_config {C:/Users/Razer Blade/Downloads/Compressed/vivado/Processor_FPGA_tb_behav.wcfg}
source Processor_FPGA_tb.tcl
# set curr_wave [current_wave_config]
# if { [string length $curr_wave] == 0 } {
#   if { [llength [get_objects]] > 0} {
#     add_wave /
#     set_property needs_save false [current_wave_config]
#   } else {
#      send_msg_id Add_Wave-1 WARNING "No top level signals found. Simulator will start without a wave window. If you want to open a wave window go to 'File->New Waveform Configuration' or type 'create_wave_config' in the TCL console."
#   }
# }
# run 1000ns
INFO: [USF-XSim-96] XSim completed. Design snapshot 'Processor_FPGA_tb_behav' loaded.
INFO: [USF-XSim-97] XSim simulation ran for 1000ns
launch_simulation: Time (s): cpu = 00:00:03 ; elapsed = 00:00:07 . Memory (MB): peak = 943.137 ; gain = 0.000
run 5 ms
